<?xml version="1.0" encoding="UTF-8"?>
<!-- Generated by org.testng.reporters.JUnitXMLReporter -->
<testsuite hostname="TRICONNODE109" name="Default test" tests="3" failures="0" timestamp="10 Jan 2017 13:12:06 GMT" time="197.87" errors="0">
  <testcase name="Writing_AttachDocument" time="54.009" classname="Connect.TestScripts.WritingTestScript"/>
  <testcase name="Writing_Both" time="49.836" classname="Connect.TestScripts.WritingTestScript"/>
  <testcase name="Writing_ComposeOnline" time="59.903" classname="Connect.TestScripts.WritingTestScript"/>
</testsuite> <!-- Default test -->
