<?xml version="1.0" encoding="UTF-8"?>
<testng-results skipped="0" failed="0" total="1" passed="1">
  <reporter-output>
  </reporter-output>
  <suite name="Suite" duration-ms="18774" started-at="2016-12-28T12:37:39Z" finished-at="2016-12-28T12:37:58Z">
    <groups>
    </groups>
    <test name="Test" duration-ms="18774" started-at="2016-12-28T12:37:39Z" finished-at="2016-12-28T12:37:58Z">
      <class name="Connect.TestScripts.MyTestScripts">
        <test-method status="PASS" signature="LaunchBrowserwithURL()[pri:0, instance:Connect.TestScripts.MyTestScripts@266bdc57]" name="LaunchBrowserwithURL" is-config="true" duration-ms="10900" started-at="2016-12-28T18:07:39Z" finished-at="2016-12-28T18:07:50Z">
          <reporter-output>
          </reporter-output>
        </test-method> <!-- LaunchBrowserwithURL -->
        <test-method status="PASS" signature="LoginwithValidCredentials()[pri:0, instance:Connect.TestScripts.MyTestScripts@266bdc57]" name="LoginwithValidCredentials" duration-ms="7608" started-at="2016-12-28T18:07:50Z" finished-at="2016-12-28T18:07:57Z">
          <reporter-output>
          </reporter-output>
        </test-method> <!-- LoginwithValidCredentials -->
        <test-method status="PASS" signature="CloseBrowser()[pri:0, instance:Connect.TestScripts.MyTestScripts@266bdc57]" name="CloseBrowser" is-config="true" duration-ms="240" started-at="2016-12-28T18:07:57Z" finished-at="2016-12-28T18:07:58Z">
          <reporter-output>
          </reporter-output>
        </test-method> <!-- CloseBrowser -->
      </class> <!-- Connect.TestScripts.MyTestScripts -->
    </test> <!-- Test -->
  </suite> <!-- Suite -->
</testng-results>
